<?xml version="1.0" encoding="UTF-8"?>
<testsuite xmlns:xsi="http://www.w3.org/2001/XMLSchema-instance" xsi:noNamespaceSchemaLocation="https://maven.apache.org/surefire/maven-surefire-plugin/xsd/surefire-test-report.xsd" name="com.github.klimenkoiv.LdapQueryProcessorTest" time="0.127" tests="1" errors="0" skipped="0" failures="0">
  <properties>
    <property name="gopherProxySet" value="false"/>
    <property name="awt.toolkit" value="sun.lwawt.macosx.LWCToolkit"/>
    <property name="file.encoding.pkg" value="sun.io"/>
    <property name="java.specification.version" value="1.8"/>
    <property name="sun.cpu.isalist" value=""/>
    <property name="sun.jnu.encoding" value="UTF-8"/>
    <property name="java.class.path" value="/Users/ivanklimenko/Projects/nifi-ldap-processor/src/nifi-ldap-processor/nifi-ldap-processors/target/test-classes:/Users/ivanklimenko/Projects/nifi-ldap-processor/src/nifi-ldap-processor/nifi-ldap-processors/target/classes:/Users/ivanklimenko/.m2/repository/org/apache/nifi/nifi-record/1.27.0/nifi-record-1.27.0.jar:/Users/ivanklimenko/.m2/repository/org/apache/nifi/nifi-api/1.27.0/nifi-api-1.27.0.jar:/Users/ivanklimenko/.m2/repository/org/apache/nifi/nifi-utils/1.27.0/nifi-utils-1.27.0.jar:/Users/ivanklimenko/.m2/repository/org/apache/nifi/nifi-property-utils/1.27.0/nifi-property-utils-1.27.0.jar:/Users/ivanklimenko/.m2/repository/org/apache/nifi/nifi-mock/1.27.0/nifi-mock-1.27.0.jar:/Users/ivanklimenko/.m2/repository/org/apache/nifi/nifi-framework-api/1.14.0/nifi-framework-api-1.14.0.jar:/Users/ivanklimenko/.m2/repository/org/apache/nifi/nifi-parameter/1.27.0/nifi-parameter-1.27.0.jar:/Users/ivanklimenko/.m2/repository/org/apache/nifi/nifi-framework-core-api/1.27.0/nifi-framework-core-api-1.27.0.jar:/Users/ivanklimenko/.m2/repository/org/apache/nifi/nifi-framework-nar-utils/1.27.0/nifi-framework-nar-utils-1.27.0.jar:/Users/ivanklimenko/.m2/repository/org/apache/nifi/nifi-runtime-manifest-core/1.27.0/nifi-runtime-manifest-core-1.27.0.jar:/Users/ivanklimenko/.m2/repository/org/apache/nifi/nifi-extension-manifest-model/1.27.0/nifi-extension-manifest-model-1.27.0.jar:/Users/ivanklimenko/.m2/repository/org/apache/nifi/nifi-extension-manifest-parser/1.27.0/nifi-extension-manifest-parser-1.27.0.jar:/Users/ivanklimenko/.m2/repository/org/apache/nifi/nifi-client-dto/1.27.0/nifi-client-dto-1.27.0.jar:/Users/ivanklimenko/.m2/repository/io/swagger/swagger-annotations/1.6.14/swagger-annotations-1.6.14.jar:/Users/ivanklimenko/.m2/repository/org/apache/nifi/c2-protocol-component-api/1.27.0/c2-protocol-component-api-1.27.0.jar:/Users/ivanklimenko/.m2/repository/org/apache/nifi/nifi-site-to-site-client/1.27.0/nifi-site-to-site-client-1.27.0.jar:/Users/ivanklimenko/.m2/repository/org/apache/nifi/nifi-security-ssl/1.27.0/nifi-security-ssl-1.27.0.jar:/Users/ivanklimenko/.m2/repository/org/apache/nifi/nifi-xml-processing/1.27.0/nifi-xml-processing-1.27.0.jar:/Users/ivanklimenko/.m2/repository/org/apache/httpcomponents/httpclient/4.5.14/httpclient-4.5.14.jar:/Users/ivanklimenko/.m2/repository/org/apache/httpcomponents/httpcore/4.4.16/httpcore-4.4.16.jar:/Users/ivanklimenko/.m2/repository/org/apache/httpcomponents/httpasyncclient/4.1.5/httpasyncclient-4.1.5.jar:/Users/ivanklimenko/.m2/repository/org/apache/httpcomponents/httpcore-nio/4.4.15/httpcore-nio-4.4.15.jar:/Users/ivanklimenko/.m2/repository/javax/validation/validation-api/2.0.1.Final/validation-api-2.0.1.Final.jar:/Users/ivanklimenko/.m2/repository/org/apache/nifi/nifi-framework-authorization/1.27.0/nifi-framework-authorization-1.27.0.jar:/Users/ivanklimenko/.m2/repository/org/apache/nifi/nifi-expression-language/1.27.0/nifi-expression-language-1.27.0.jar:/Users/ivanklimenko/.m2/repository/org/antlr/antlr-runtime/3.5.3/antlr-runtime-3.5.3.jar:/Users/ivanklimenko/.m2/repository/org/apache/nifi/nifi-uuid5/1.27.0/nifi-uuid5-1.27.0.jar:/Users/ivanklimenko/.m2/repository/com/jayway/jsonpath/json-path/2.9.0/json-path-2.9.0.jar:/Users/ivanklimenko/.m2/repository/net/minidev/json-smart/2.5.0/json-smart-2.5.0.jar:/Users/ivanklimenko/.m2/repository/net/minidev/accessors-smart/2.5.0/accessors-smart-2.5.0.jar:/Users/ivanklimenko/.m2/repository/org/ow2/asm/asm/9.3/asm-9.3.jar:/Users/ivanklimenko/.m2/repository/com/fasterxml/jackson/core/jackson-databind/2.17.1/jackson-databind-2.17.1.jar:/Users/ivanklimenko/.m2/repository/com/fasterxml/jackson/core/jackson-annotations/2.17.1/jackson-annotations-2.17.1.jar:/Users/ivanklimenko/.m2/repository/com/fasterxml/jackson/core/jackson-core/2.17.1/jackson-core-2.17.1.jar:/Users/ivanklimenko/.m2/repository/org/apache/commons/commons-text/1.12.0/commons-text-1.12.0.jar:/Users/ivanklimenko/.m2/repository/commons-codec/commons-codec/1.17.0/commons-codec-1.17.0.jar:/Users/ivanklimenko/.m2/repository/org/apache/nifi/nifi-data-provenance-utils/1.27.0/nifi-data-provenance-utils-1.27.0.jar:/Users/ivanklimenko/.m2/repository/org/junit/jupiter/junit-jupiter-api/5.10.2/junit-jupiter-api-5.10.2.jar:/Users/ivanklimenko/.m2/repository/org/opentest4j/opentest4j/1.3.0/opentest4j-1.3.0.jar:/Users/ivanklimenko/.m2/repository/org/junit/platform/junit-platform-commons/1.10.2/junit-platform-commons-1.10.2.jar:/Users/ivanklimenko/.m2/repository/org/apiguardian/apiguardian-api/1.1.2/apiguardian-api-1.1.2.jar:/Users/ivanklimenko/.m2/repository/org/slf4j/slf4j-simple/1.7.30/slf4j-simple-1.7.30.jar:/Users/ivanklimenko/.m2/repository/org/slf4j/slf4j-api/1.7.30/slf4j-api-1.7.30.jar:/Users/ivanklimenko/.m2/repository/junit/junit/4.13.2/junit-4.13.2.jar:/Users/ivanklimenko/.m2/repository/org/hamcrest/hamcrest-core/1.3/hamcrest-core-1.3.jar:/Users/ivanklimenko/.m2/repository/org/apache/commons/commons-lang3/3.15.0/commons-lang3-3.15.0.jar:/Users/ivanklimenko/.m2/repository/org/apache/nifi/nifi-record-serialization-service-api/1.27.0/nifi-record-serialization-service-api-1.27.0.jar:/Users/ivanklimenko/.m2/repository/org/apache/nifi/nifi-deprecation-log/1.27.0/nifi-deprecation-log-1.27.0.jar:/Users/ivanklimenko/.m2/repository/org/mockito/mockito-core/2.28.2/mockito-core-2.28.2.jar:/Users/ivanklimenko/.m2/repository/net/bytebuddy/byte-buddy/1.9.10/byte-buddy-1.9.10.jar:/Users/ivanklimenko/.m2/repository/net/bytebuddy/byte-buddy-agent/1.9.10/byte-buddy-agent-1.9.10.jar:/Users/ivanklimenko/.m2/repository/org/objenesis/objenesis/2.6/objenesis-2.6.jar:/Users/ivanklimenko/.m2/repository/org/codehaus/groovy/groovy-test/2.5.6/groovy-test-2.5.6.jar:/Users/ivanklimenko/.m2/repository/org/codehaus/groovy/groovy/2.5.6/groovy-2.5.6.jar:"/>
    <property name="java.vm.vendor" value="Temurin"/>
    <property name="sun.arch.data.model" value="64"/>
    <property name="java.vendor.url" value="https://adoptium.net/"/>
    <property name="user.timezone" value=""/>
    <property name="java.vm.specification.version" value="1.8"/>
    <property name="os.name" value="Mac OS X"/>
    <property name="user.country" value="RU"/>
    <property name="sun.java.launcher" value="SUN_STANDARD"/>
    <property name="sun.boot.library.path" value="/Users/ivanklimenko/Library/Java/JavaVirtualMachines/temurin-1.8.0_412/Contents/Home/jre/lib"/>
    <property name="sun.java.command" value="/Users/ivanklimenko/Projects/nifi-ldap-processor/src/nifi-ldap-processor/nifi-ldap-processors/target/surefire/surefirebooter6110684247548552519.jar /Users/ivanklimenko/Projects/nifi-ldap-processor/src/nifi-ldap-processor/nifi-ldap-processors/target/surefire 2024-08-29T23-13-12_615-jvmRun1 surefire7585727577728069714tmp surefire_05428190403047883862tmp"/>
    <property name="http.nonProxyHosts" value="local|*.local|169.254/16|*.169.254/16"/>
    <property name="surefire.test.class.path" value="/Users/ivanklimenko/Projects/nifi-ldap-processor/src/nifi-ldap-processor/nifi-ldap-processors/target/test-classes:/Users/ivanklimenko/Projects/nifi-ldap-processor/src/nifi-ldap-processor/nifi-ldap-processors/target/classes:/Users/ivanklimenko/.m2/repository/org/apache/nifi/nifi-record/1.27.0/nifi-record-1.27.0.jar:/Users/ivanklimenko/.m2/repository/org/apache/nifi/nifi-api/1.27.0/nifi-api-1.27.0.jar:/Users/ivanklimenko/.m2/repository/org/apache/nifi/nifi-utils/1.27.0/nifi-utils-1.27.0.jar:/Users/ivanklimenko/.m2/repository/org/apache/nifi/nifi-property-utils/1.27.0/nifi-property-utils-1.27.0.jar:/Users/ivanklimenko/.m2/repository/org/apache/nifi/nifi-mock/1.27.0/nifi-mock-1.27.0.jar:/Users/ivanklimenko/.m2/repository/org/apache/nifi/nifi-framework-api/1.14.0/nifi-framework-api-1.14.0.jar:/Users/ivanklimenko/.m2/repository/org/apache/nifi/nifi-parameter/1.27.0/nifi-parameter-1.27.0.jar:/Users/ivanklimenko/.m2/repository/org/apache/nifi/nifi-framework-core-api/1.27.0/nifi-framework-core-api-1.27.0.jar:/Users/ivanklimenko/.m2/repository/org/apache/nifi/nifi-framework-nar-utils/1.27.0/nifi-framework-nar-utils-1.27.0.jar:/Users/ivanklimenko/.m2/repository/org/apache/nifi/nifi-runtime-manifest-core/1.27.0/nifi-runtime-manifest-core-1.27.0.jar:/Users/ivanklimenko/.m2/repository/org/apache/nifi/nifi-extension-manifest-model/1.27.0/nifi-extension-manifest-model-1.27.0.jar:/Users/ivanklimenko/.m2/repository/org/apache/nifi/nifi-extension-manifest-parser/1.27.0/nifi-extension-manifest-parser-1.27.0.jar:/Users/ivanklimenko/.m2/repository/org/apache/nifi/nifi-client-dto/1.27.0/nifi-client-dto-1.27.0.jar:/Users/ivanklimenko/.m2/repository/io/swagger/swagger-annotations/1.6.14/swagger-annotations-1.6.14.jar:/Users/ivanklimenko/.m2/repository/org/apache/nifi/c2-protocol-component-api/1.27.0/c2-protocol-component-api-1.27.0.jar:/Users/ivanklimenko/.m2/repository/org/apache/nifi/nifi-site-to-site-client/1.27.0/nifi-site-to-site-client-1.27.0.jar:/Users/ivanklimenko/.m2/repository/org/apache/nifi/nifi-security-ssl/1.27.0/nifi-security-ssl-1.27.0.jar:/Users/ivanklimenko/.m2/repository/org/apache/nifi/nifi-xml-processing/1.27.0/nifi-xml-processing-1.27.0.jar:/Users/ivanklimenko/.m2/repository/org/apache/httpcomponents/httpclient/4.5.14/httpclient-4.5.14.jar:/Users/ivanklimenko/.m2/repository/org/apache/httpcomponents/httpcore/4.4.16/httpcore-4.4.16.jar:/Users/ivanklimenko/.m2/repository/org/apache/httpcomponents/httpasyncclient/4.1.5/httpasyncclient-4.1.5.jar:/Users/ivanklimenko/.m2/repository/org/apache/httpcomponents/httpcore-nio/4.4.15/httpcore-nio-4.4.15.jar:/Users/ivanklimenko/.m2/repository/javax/validation/validation-api/2.0.1.Final/validation-api-2.0.1.Final.jar:/Users/ivanklimenko/.m2/repository/org/apache/nifi/nifi-framework-authorization/1.27.0/nifi-framework-authorization-1.27.0.jar:/Users/ivanklimenko/.m2/repository/org/apache/nifi/nifi-expression-language/1.27.0/nifi-expression-language-1.27.0.jar:/Users/ivanklimenko/.m2/repository/org/antlr/antlr-runtime/3.5.3/antlr-runtime-3.5.3.jar:/Users/ivanklimenko/.m2/repository/org/apache/nifi/nifi-uuid5/1.27.0/nifi-uuid5-1.27.0.jar:/Users/ivanklimenko/.m2/repository/com/jayway/jsonpath/json-path/2.9.0/json-path-2.9.0.jar:/Users/ivanklimenko/.m2/repository/net/minidev/json-smart/2.5.0/json-smart-2.5.0.jar:/Users/ivanklimenko/.m2/repository/net/minidev/accessors-smart/2.5.0/accessors-smart-2.5.0.jar:/Users/ivanklimenko/.m2/repository/org/ow2/asm/asm/9.3/asm-9.3.jar:/Users/ivanklimenko/.m2/repository/com/fasterxml/jackson/core/jackson-databind/2.17.1/jackson-databind-2.17.1.jar:/Users/ivanklimenko/.m2/repository/com/fasterxml/jackson/core/jackson-annotations/2.17.1/jackson-annotations-2.17.1.jar:/Users/ivanklimenko/.m2/repository/com/fasterxml/jackson/core/jackson-core/2.17.1/jackson-core-2.17.1.jar:/Users/ivanklimenko/.m2/repository/org/apache/commons/commons-text/1.12.0/commons-text-1.12.0.jar:/Users/ivanklimenko/.m2/repository/commons-codec/commons-codec/1.17.0/commons-codec-1.17.0.jar:/Users/ivanklimenko/.m2/repository/org/apache/nifi/nifi-data-provenance-utils/1.27.0/nifi-data-provenance-utils-1.27.0.jar:/Users/ivanklimenko/.m2/repository/org/junit/jupiter/junit-jupiter-api/5.10.2/junit-jupiter-api-5.10.2.jar:/Users/ivanklimenko/.m2/repository/org/opentest4j/opentest4j/1.3.0/opentest4j-1.3.0.jar:/Users/ivanklimenko/.m2/repository/org/junit/platform/junit-platform-commons/1.10.2/junit-platform-commons-1.10.2.jar:/Users/ivanklimenko/.m2/repository/org/apiguardian/apiguardian-api/1.1.2/apiguardian-api-1.1.2.jar:/Users/ivanklimenko/.m2/repository/org/slf4j/slf4j-simple/1.7.30/slf4j-simple-1.7.30.jar:/Users/ivanklimenko/.m2/repository/org/slf4j/slf4j-api/1.7.30/slf4j-api-1.7.30.jar:/Users/ivanklimenko/.m2/repository/junit/junit/4.13.2/junit-4.13.2.jar:/Users/ivanklimenko/.m2/repository/org/hamcrest/hamcrest-core/1.3/hamcrest-core-1.3.jar:/Users/ivanklimenko/.m2/repository/org/apache/commons/commons-lang3/3.15.0/commons-lang3-3.15.0.jar:/Users/ivanklimenko/.m2/repository/org/apache/nifi/nifi-record-serialization-service-api/1.27.0/nifi-record-serialization-service-api-1.27.0.jar:/Users/ivanklimenko/.m2/repository/org/apache/nifi/nifi-deprecation-log/1.27.0/nifi-deprecation-log-1.27.0.jar:/Users/ivanklimenko/.m2/repository/org/mockito/mockito-core/2.28.2/mockito-core-2.28.2.jar:/Users/ivanklimenko/.m2/repository/net/bytebuddy/byte-buddy/1.9.10/byte-buddy-1.9.10.jar:/Users/ivanklimenko/.m2/repository/net/bytebuddy/byte-buddy-agent/1.9.10/byte-buddy-agent-1.9.10.jar:/Users/ivanklimenko/.m2/repository/org/objenesis/objenesis/2.6/objenesis-2.6.jar:/Users/ivanklimenko/.m2/repository/org/codehaus/groovy/groovy-test/2.5.6/groovy-test-2.5.6.jar:/Users/ivanklimenko/.m2/repository/org/codehaus/groovy/groovy/2.5.6/groovy-2.5.6.jar:"/>
    <property name="sun.cpu.endian" value="little"/>
    <property name="user.home" value="/Users/ivanklimenko"/>
    <property name="user.language" value="ru"/>
    <property name="java.specification.vendor" value="Oracle Corporation"/>
    <property name="java.home" value="/Users/ivanklimenko/Library/Java/JavaVirtualMachines/temurin-1.8.0_412/Contents/Home/jre"/>
    <property name="basedir" value="/Users/ivanklimenko/Projects/nifi-ldap-processor/src/nifi-ldap-processor/nifi-ldap-processors"/>
    <property name="file.separator" value="/"/>
    <property name="line.separator" value="&#10;"/>
    <property name="java.vm.specification.vendor" value="Oracle Corporation"/>
    <property name="java.specification.name" value="Java Platform API Specification"/>
    <property name="java.awt.graphicsenv" value="sun.awt.CGraphicsEnvironment"/>
    <property name="java.awt.headless" value="true"/>
    <property name="surefire.real.class.path" value="/Users/ivanklimenko/Projects/nifi-ldap-processor/src/nifi-ldap-processor/nifi-ldap-processors/target/surefire/surefirebooter6110684247548552519.jar"/>
    <property name="sun.boot.class.path" value="/Users/ivanklimenko/Library/Java/JavaVirtualMachines/temurin-1.8.0_412/Contents/Home/jre/lib/resources.jar:/Users/ivanklimenko/Library/Java/JavaVirtualMachines/temurin-1.8.0_412/Contents/Home/jre/lib/rt.jar:/Users/ivanklimenko/Library/Java/JavaVirtualMachines/temurin-1.8.0_412/Contents/Home/jre/lib/sunrsasign.jar:/Users/ivanklimenko/Library/Java/JavaVirtualMachines/temurin-1.8.0_412/Contents/Home/jre/lib/jsse.jar:/Users/ivanklimenko/Library/Java/JavaVirtualMachines/temurin-1.8.0_412/Contents/Home/jre/lib/jce.jar:/Users/ivanklimenko/Library/Java/JavaVirtualMachines/temurin-1.8.0_412/Contents/Home/jre/lib/charsets.jar:/Users/ivanklimenko/Library/Java/JavaVirtualMachines/temurin-1.8.0_412/Contents/Home/jre/lib/jfr.jar:/Users/ivanklimenko/Library/Java/JavaVirtualMachines/temurin-1.8.0_412/Contents/Home/jre/classes"/>
    <property name="sun.management.compiler" value="HotSpot 64-Bit Tiered Compilers"/>
    <property name="ftp.nonProxyHosts" value="local|*.local|169.254/16|*.169.254/16"/>
    <property name="java.runtime.version" value="1.8.0_412-b08"/>
    <property name="java.net.preferIPv4Stack" value="true"/>
    <property name="user.name" value="ivanklimenko"/>
    <property name="path.separator" value=":"/>
    <property name="os.version" value="14.6.1"/>
    <property name="java.endorsed.dirs" value="/Users/ivanklimenko/Library/Java/JavaVirtualMachines/temurin-1.8.0_412/Contents/Home/jre/lib/endorsed"/>
    <property name="java.runtime.name" value="OpenJDK Runtime Environment"/>
    <property name="file.encoding" value="UTF-8"/>
    <property name="java.vm.name" value="OpenJDK 64-Bit Server VM"/>
    <property name="localRepository" value="/Users/ivanklimenko/.m2/repository"/>
    <property name="java.vendor.url.bug" value="https://github.com/adoptium/adoptium-support/issues"/>
    <property name="java.io.tmpdir" value="/var/folders/3v/87ppbf857dz2szb_m1_4_52w0000gn/T/"/>
    <property name="idea.version" value="2024.1.4"/>
    <property name="java.version" value="1.8.0_412"/>
    <property name="user.dir" value="/Users/ivanklimenko/Projects/nifi-ldap-processor/src/nifi-ldap-processor/nifi-ldap-processors"/>
    <property name="os.arch" value="x86_64"/>
    <property name="java.vm.specification.name" value="Java Virtual Machine Specification"/>
    <property name="java.awt.printerjob" value="sun.lwawt.macosx.CPrinterJob"/>
    <property name="sun.os.patch.level" value="unknown"/>
    <property name="java.library.path" value="/Users/ivanklimenko/Library/Java/Extensions:/Library/Java/Extensions:/Network/Library/Java/Extensions:/System/Library/Java/Extensions:/usr/lib/java:."/>
    <property name="java.vm.info" value="mixed mode"/>
    <property name="java.vendor" value="Temurin"/>
    <property name="java.vm.version" value="25.412-b08"/>
    <property name="java.specification.maintenance.version" value="5"/>
    <property name="java.ext.dirs" value="/Users/ivanklimenko/Library/Java/Extensions:/Users/ivanklimenko/Library/Java/JavaVirtualMachines/temurin-1.8.0_412/Contents/Home/jre/lib/ext:/Library/Java/Extensions:/Network/Library/Java/Extensions:/System/Library/Java/Extensions:/usr/lib/java"/>
    <property name="sun.io.unicode.encoding" value="UnicodeBig"/>
    <property name="java.class.version" value="52.0"/>
    <property name="socksNonProxyHosts" value="local|*.local|169.254/16|*.169.254/16"/>
  </properties>
  <testcase name="testProcessor" classname="com.github.klimenkoiv.LdapQueryProcessorTest" time="0.09"/>
</testsuite>